2023-01-20T18:32:01+00:00 DEBUG tt4b_product_delete: missing access token for tt4b_product_sync
2023-01-20T18:32:02+00:00 DEBUG tt4b_product_delete: missing access token for tt4b_product_sync
2023-01-20T18:32:02+00:00 DEBUG tt4b_product_delete: missing access token for tt4b_product_sync
2023-01-20T18:32:02+00:00 DEBUG tt4b_product_delete: missing access token for tt4b_product_sync
2023-01-20T18:32:02+00:00 DEBUG tt4b_product_delete: missing access token for tt4b_product_sync
2023-01-20T18:32:02+00:00 DEBUG tt4b_product_delete: missing access token for tt4b_product_sync
2023-01-20T18:32:02+00:00 DEBUG tt4b_product_delete: missing access token for tt4b_product_sync
2023-01-20T18:32:03+00:00 DEBUG tt4b_product_delete: missing access token for tt4b_product_sync
2023-01-20T18:32:03+00:00 DEBUG tt4b_product_delete: missing access token for tt4b_product_sync
2023-01-20T18:32:03+00:00 DEBUG tt4b_product_delete: missing access token for tt4b_product_sync
2023-01-20T18:32:03+00:00 DEBUG tt4b_product_delete: missing access token for tt4b_product_sync
2023-01-20T18:32:04+00:00 DEBUG tt4b_product_delete: missing access token for tt4b_product_sync
2023-01-20T18:32:04+00:00 DEBUG tt4b_product_delete: missing access token for tt4b_product_sync
2023-01-20T18:32:04+00:00 DEBUG tt4b_product_delete: missing access token for tt4b_product_sync
2023-01-20T18:32:04+00:00 DEBUG tt4b_product_delete: missing access token for tt4b_product_sync
2023-01-20T18:32:04+00:00 DEBUG tt4b_product_delete: missing access token for tt4b_product_sync
2023-01-20T18:32:05+00:00 DEBUG tt4b_product_delete: missing access token for tt4b_product_sync
2023-01-20T18:32:05+00:00 DEBUG tt4b_product_delete: missing access token for tt4b_product_sync
2023-01-20T18:32:05+00:00 DEBUG tt4b_product_delete: missing access token for tt4b_product_sync
2023-01-20T18:32:05+00:00 DEBUG tt4b_product_delete: missing access token for tt4b_product_sync
2023-01-20T18:32:06+00:00 DEBUG tt4b_product_delete: missing access token for tt4b_product_sync
2023-01-20T18:32:06+00:00 DEBUG tt4b_product_delete: missing access token for tt4b_product_sync
2023-01-20T18:32:06+00:00 DEBUG tt4b_product_delete: missing access token for tt4b_product_sync
2023-01-20T18:32:06+00:00 DEBUG tt4b_product_delete: missing access token for tt4b_product_sync
2023-01-20T18:39:43+00:00 DEBUG Tt4b_Pixel_Class::inject_view_content_event: hit injectViewContentEvent
2023-01-20T18:39:43+00:00 DEBUG Tt4b_Pixel_Class::inject_view_content_event: Missing option "access_token"
2023-01-20T18:39:47+00:00 DEBUG Tt4b_Pixel_Class::inject_add_to_cart_event: hit injectAddToCartEvent
2023-01-20T18:39:47+00:00 DEBUG Tt4b_Pixel_Class::inject_add_to_cart_event: Missing option "access_token"
2023-01-20T18:39:48+00:00 DEBUG Tt4b_Pixel_Class::inject_view_content_event: hit injectViewContentEvent
2023-01-20T18:39:48+00:00 DEBUG Tt4b_Pixel_Class::inject_view_content_event: Missing option "access_token"
2023-01-20T18:40:17+00:00 DEBUG Tt4b_Pixel_Class::inject_start_checkout: hit injectStartCheckout
2023-01-20T18:40:17+00:00 DEBUG Tt4b_Pixel_Class::inject_start_checkout: Missing option "access_token"
2023-01-20T18:41:32+00:00 DEBUG Tt4b_Pixel_Class::inject_purchase_event: hit injectPurchaseEvent
2023-01-20T18:41:32+00:00 DEBUG Tt4b_Pixel_Class::inject_purchase_event: Missing option "access_token"
